<?xml version="1.0" encoding="UTF-8" ?>
<testsuite errors="0" failures="0" hostname="dell-desktop" name="tools.BonusTest" tests="1" time="0.069" timestamp="2011-05-10T14:36:52">
  <properties>
    <property name="java.runtime.name" value="Java(TM) SE Runtime Environment" />
    <property name="sun.boot.library.path" value="C:\Program Files\Java\jre6\bin" />
    <property name="java.vm.version" value="19.1-b02" />
    <property name="ant.library.dir" value="C:\eclipse\plugins\org.apache.ant_1.7.1.v20100518-1145\lib" />
    <property name="ant.version" value="Apache Ant version 1.7.1 compiled on June 27 2008" />
    <property name="ant.java.version" value="1.6" />
    <property name="java.vm.vendor" value="Sun Microsystems Inc." />
    <property name="java.vendor.url" value="http://java.sun.com/" />
    <property name="path.separator" value=";" />
    <property name="java.vm.name" value="Java HotSpot(TM) Client VM" />
    <property name="file.encoding.pkg" value="sun.io" />
    <property name="user.country" value="JP" />
    <property name="sun.java.launcher" value="SUN_STANDARD" />
    <property name="sun.os.patch.level" value="" />
    <property name="java.vm.specification.name" value="Java Virtual Machine Specification" />
    <property name="user.dir" value="C:\Users\masuo\workspace\Bonus" />
    <property name="java.runtime.version" value="1.6.0_24-b07" />
    <property name="java.awt.graphicsenv" value="sun.awt.Win32GraphicsEnvironment" />
    <property name="eclipse.pdebuild.scripts" value="/C:/eclipse/plugins/org.eclipse.pde.build_3.6.1.R36x_v20100823/scripts/" />
    <property name="basedir" value="C:\Users\masuo\workspace\Bonus" />
    <property name="java.endorsed.dirs" value="C:\Program Files\Java\jre6\lib\endorsed" />
    <property name="os.arch" value="x86" />
    <property name="java.io.tmpdir" value="C:\Users\masuo\AppData\Local\Temp\" />
    <property name="ant.core.lib" value="C:\eclipse\plugins\org.apache.ant_1.7.1.v20100518-1145\lib\ant.jar" />
    <property name="line.separator" value="
" />
    <property name="java.vm.specification.vendor" value="Sun Microsystems Inc." />
    <property name="user.variant" value="" />
    <property name="os.name" value="Windows 7" />
    <property name="ant.home" value="C:\eclipse\plugins\org.apache.ant_1.7.1.v20100518-1145" />
    <property name="eclipse.pdebuild.templates" value="/C:/eclipse/plugins/org.eclipse.pde.build_3.6.1.R36x_v20100823/templates/" />
    <property name="sun.jnu.encoding" value="MS932" />
    <property name="java.library.path" value="C:\eclipse;.;C:\Windows\Sun\Java\bin;C:\Windows\system32;C:\Windows;C:/Program Files/Java/jre6/bin/client;C:/Program Files/Java/jre6/bin;C:/Program Files/Java/jre6/lib/i386;C:\oraclexe\app\oracle\product\10.2.0\server\bin;C:\Windows\system32;C:\Windows;C:\Windows\System32\Wbem;C:\Program Files\Intel\DMIX;C:\Program Files\Common Files\Roxio Shared\DLLShared\;C:\Program Files\Common Files\Roxio Shared\10.0\DLLShared\;C:\Windows\System32\WindowsPowerShell\v1.0\;C:\Program Files\Trend Micro\AMSP;C:\Program Files\QuickTime\QTSystem\;C:\Program Files\Java\jdk1.6.0_24\bin;C:\Program Files\MySQL\MySQL Server 5.5\bin;C:\eclipse\configuration\org.eclipse.osgi\bundles\562\1\.cp" />
    <property name="eclipse.pdebuild.home" value="/C:/eclipse/plugins/org.eclipse.pde.build_3.6.1.R36x_v20100823/./" />
    <property name="java.specification.name" value="Java Platform API Specification" />
    <property name="java.class.version" value="50.0" />
    <property name="sun.management.compiler" value="HotSpot Client Compiler" />
    <property name="output" value="build/output" />
    <property name="os.version" value="6.1" />
    <property name="ant.file" value="C:\Users\masuo\workspace\Bonus\build.xml" />
    <property name="user.home" value="C:\Users\masuo" />
    <property name="user.timezone" value="" />
    <property name="java.awt.printerjob" value="sun.awt.windows.WPrinterJob" />
    <property name="file.encoding" value="UTF-8" />
    <property name="java.specification.version" value="1.6" />
    <property name="java.class.path" value="C:\eclipse\plugins\org.apache.ant_1.7.1.v20100518-1145\lib\ant.jar;C:\eclipse\plugins\org.apache.ant_1.7.1.v20100518-1145\lib\ant-antlr.jar;C:\eclipse\plugins\org.apache.ant_1.7.1.v20100518-1145\lib\ant-apache-bcel.jar;C:\eclipse\plugins\org.apache.ant_1.7.1.v20100518-1145\lib\ant-apache-bsf.jar;C:\eclipse\plugins\org.apache.ant_1.7.1.v20100518-1145\lib\ant-apache-log4j.jar;C:\eclipse\plugins\org.apache.ant_1.7.1.v20100518-1145\lib\ant-apache-oro.jar;C:\eclipse\plugins\org.apache.ant_1.7.1.v20100518-1145\lib\ant-apache-regexp.jar;C:\eclipse\plugins\org.apache.ant_1.7.1.v20100518-1145\lib\ant-apache-resolver.jar;C:\eclipse\plugins\org.apache.ant_1.7.1.v20100518-1145\lib\ant-commons-logging.jar;C:\eclipse\plugins\org.apache.ant_1.7.1.v20100518-1145\lib\ant-commons-net.jar;C:\eclipse\plugins\org.apache.ant_1.7.1.v20100518-1145\lib\ant-jai.jar;C:\eclipse\plugins\org.apache.ant_1.7.1.v20100518-1145\lib\ant-javamail.jar;C:\eclipse\plugins\org.apache.ant_1.7.1.v20100518-1145\lib\ant-jdepend.jar;C:\eclipse\plugins\org.apache.ant_1.7.1.v20100518-1145\lib\ant-jmf.jar;C:\eclipse\plugins\org.apache.ant_1.7.1.v20100518-1145\lib\ant-jsch.jar;C:\eclipse\plugins\org.apache.ant_1.7.1.v20100518-1145\lib\ant-junit.jar;C:\eclipse\plugins\org.apache.ant_1.7.1.v20100518-1145\lib\ant-launcher.jar;C:\eclipse\plugins\org.apache.ant_1.7.1.v20100518-1145\lib\ant-netrexx.jar;C:\eclipse\plugins\org.apache.ant_1.7.1.v20100518-1145\lib\ant-nodeps.jar;C:\eclipse\plugins\org.apache.ant_1.7.1.v20100518-1145\lib\ant-starteam.jar;C:\eclipse\plugins\org.apache.ant_1.7.1.v20100518-1145\lib\ant-stylebook.jar;C:\eclipse\plugins\org.apache.ant_1.7.1.v20100518-1145\lib\ant-swing.jar;C:\eclipse\plugins\org.apache.ant_1.7.1.v20100518-1145\lib\ant-trax.jar;C:\eclipse\plugins\org.apache.ant_1.7.1.v20100518-1145\lib\ant-weblogic.jar;C:\eclipse\configuration\org.eclipse.osgi\bundles\49\1\.cp\lib\antdebug.jar;C:\eclipse\configuration\org.eclipse.osgi\bundles\49\1\.cp\lib\remote.jar;C:\eclipse\configuration\org.eclipse.osgi\bundles\50\1\.cp\lib\remoteAnt.jar;C:\Program Files\Java\jdk1.6.0_24\lib\tools.jar;C:\eclipse\plugins\org.eclipse.swt.win32.win32.x86_3.6.1.v3655c.jar" />
    <property name="user.name" value="masuo" />
    <property name="java.vm.specification.version" value="1.0" />
    <property name="java.home" value="C:\Program Files\Java\jre6" />
    <property name="sun.arch.data.model" value="32" />
    <property name="user.language" value="ja" />
    <property name="java.specification.vendor" value="Sun Microsystems Inc." />
    <property name="awt.toolkit" value="sun.awt.windows.WToolkit" />
    <property name="java.vm.info" value="mixed mode, sharing" />
    <property name="java.version" value="1.6.0_24" />
    <property name="java.ext.dirs" value="C:\Program Files\Java\jre6\lib\ext;C:\Windows\Sun\Java\lib\ext" />
    <property name="sun.boot.class.path" value="C:\Program Files\Java\jre6\lib\resources.jar;C:\Program Files\Java\jre6\lib\rt.jar;C:\Program Files\Java\jre6\lib\sunrsasign.jar;C:\Program Files\Java\jre6\lib\jsse.jar;C:\Program Files\Java\jre6\lib\jce.jar;C:\Program Files\Java\jre6\lib\charsets.jar;C:\Program Files\Java\jre6\lib\modules\jdk.boot.jar;C:\Program Files\Java\jre6\classes" />
    <property name="java.vendor" value="Sun Microsystems Inc." />
    <property name="file.separator" value="\" />
    <property name="java.vendor.url.bug" value="http://java.sun.com/cgi-bin/bugreport.cgi" />
    <property name="sun.cpu.endian" value="little" />
    <property name="sun.io.unicode.encoding" value="UnicodeLittle" />
    <property name="sun.desktop" value="windows" />
    <property name="sun.cpu.isalist" value="pentium_pro+mmx pentium_pro pentium+mmx pentium i486 i386 i86" />
  </properties>
  <testcase classname="tools.BonusTest" name="testProcessBonus" time="0.011" />
  <system-out><![CDATA[]]></system-out>
  <system-err><![CDATA[]]></system-err>
</testsuite>
